<?xml version="1.0" encoding="UTF-8"?>
<!-- Generated by org.testng.reporters.JUnitXMLReporter -->
<testsuite ignored="5" hostname="HarshT" failures="0" tests="1" name="Default test" time="25.491" errors="0" timestamp="2022-08-10T22:35:11 CDT">
  <testcase classname="Biskane1.Biskane1" name="editcollection" time="18.871"/>
  <testcase classname="Biskane1.Biskane1" name="countNoofcategories" time="0.0">
    <ignored/>
  </testcase> <!-- countNoofcategories -->
  <testcase classname="Biskane1.Biskane1" name="verifyDashboardpage" time="0.0">
    <ignored/>
  </testcase> <!-- verifyDashboardpage -->
  <testcase classname="Biskane1.Biskane1" name="changepfp" time="0.0">
    <ignored/>
  </testcase> <!-- changepfp -->
  <testcase classname="Biskane1.Biskane1" name="switchuser" time="0.0">
    <ignored/>
  </testcase> <!-- switchuser -->
  <testcase classname="Biskane1.Biskane1" name="login" time="0.0">
    <ignored/>
  </testcase> <!-- login -->
</testsuite> <!-- Default test -->
