<?xml version="1.0" encoding="UTF-8"?>
<testng-results ignored="5" total="6" passed="1" failed="0" skipped="0">
  <reporter-output>
  </reporter-output>
  <suite started-at="2022-08-10T22:34:46 CDT" name="Default suite" finished-at="2022-08-10T22:35:11 CDT" duration-ms="25491">
    <groups>
    </groups>
    <test started-at="2022-08-10T22:34:46 CDT" name="Default test" finished-at="2022-08-10T22:35:11 CDT" duration-ms="25491">
      <class name="Biskane1.Biskane1">
        <test-method is-config="true" signature="OpenBrowser()[pri:0, instance:Biskane1.Biskane1@3c7f66c4]" started-at="2022-08-10T22:34:46 CDT" name="OpenBrowser" finished-at="2022-08-10T22:34:52 CDT" duration-ms="6395" status="PASS">
          <reporter-output>
          </reporter-output>
        </test-method> <!-- OpenBrowser -->
        <test-method signature="editcollection()[pri:5, instance:Biskane1.Biskane1@3c7f66c4]" started-at="2022-08-10T22:34:52 CDT" name="editcollection" finished-at="2022-08-10T22:35:11 CDT" duration-ms="18871" status="PASS">
          <reporter-output>
          </reporter-output>
        </test-method> <!-- editcollection -->
        <test-method is-config="true" signature="ClosingBrowser()[pri:0, instance:Biskane1.Biskane1@3c7f66c4]" started-at="2022-08-10T22:35:11 CDT" name="ClosingBrowser" finished-at="2022-08-10T22:35:11 CDT" duration-ms="188" status="PASS">
          <reporter-output>
          </reporter-output>
        </test-method> <!-- ClosingBrowser -->
      </class> <!-- Biskane1.Biskane1 -->
    </test> <!-- Default test -->
  </suite> <!-- Default suite -->
</testng-results>
